<?xml version="1.0" encoding="UTF-8" ?>
<testsuite tests="4" failures="0" name="com.cse.ds.TestDeliverable" time="0.001" errors="0" skipped="0">
  <properties>
[...]
</properties>
  <testcase classname="com.cse.ds.TestDeliverable" name="testMailZip" time="0"/>
  <testcase classname="com.cse.ds.TestDeliverable" name="testPackageZip" time="0"/>
  <testcase classname="com.cse.ds.TestDeliverable" name="testEqualsTrue" time="0"/>
  <testcase classname="com.cse.ds.TestDeliverable" name="testEqualsFalse" time="0"/>
</testsuite>